# JRE version: OpenJDK Runtime Environment (8.0_252-b09) (build 1.8.0_252-b09)
# Java VM: OpenJDK 64-Bit Server VM (25.252-b09 mixed mode bsd-amd64 compressed oops)
Heap:
 PSYoungGen      total 116736K, used 14107K [0x00000007e5d80000, 0x00000007f0800000, 0x00000007f0800000)
  eden space 58880K, 1% used [0x00000007e5d80000,0x00000007e5e9d660,0x00000007e9700000)
  from space 57856K, 22% used [0x00000007ecf80000,0x00000007edc297b8,0x00000007f0800000)
  to   space 57856K, 0% used [0x00000007e9700000,0x00000007e9700000,0x00000007ecf80000)
 ParOldGen       total 349696K, used 187915K [0x00000007d0800000, 0x00000007e5d80000, 0x00000007e5d80000)
  object space 349696K, 53% used [0x00000007d0800000,0x00000007dbf82c98,0x00000007e5d80000)
 Metaspace       used 186128K, capacity 191282K, committed 212992K, reserved 1228800K
  class space    used 23539K, capacity 24573K, committed 33408K, reserved 1048576K
GC Heap History (10 events):
Event: 118.697 GC heap before
{Heap before GC invocations=72 (full 6):
 PSYoungGen      total 116736K, used 58880K [0x00000007e5d80000, 0x00000007f0800000, 0x00000007f0800000)
  eden space 58880K, 100% used [0x00000007e5d80000,0x00000007e9700000,0x00000007e9700000)
  from space 57856K, 0% used [0x00000007e9700000,0x00000007e9700000,0x00000007ecf80000)
  to   space 57856K, 0% used [0x00000007ecf80000,0x00000007ecf80000,0x00000007f0800000)
 ParOldGen       total 349696K, used 177550K [0x00000007d0800000, 0x00000007e5d80000, 0x00000007e5d80000)
  object space 349696K, 50% used [0x00000007d0800000,0x00000007db563878,0x00000007e5d80000)
 Metaspace       used 173589K, capacity 178710K, committed 212992K, reserved 1228800K
  class space    used 22184K, capacity 23227K, committed 33408K, reserved 1048576K
Event: 118.703 GC heap after
Heap after GC invocations=72 (full 6):
 PSYoungGen      total 116736K, used 10431K [0x00000007e5d80000, 0x00000007f0800000, 0x00000007f0800000)
  eden space 58880K, 0% used [0x00000007e5d80000,0x00000007e5d80000,0x00000007e9700000)
  from space 57856K, 18% used [0x00000007ecf80000,0x00000007ed9afc20,0x00000007f0800000)
  to   space 57856K, 0% used [0x00000007e9700000,0x00000007e9700000,0x00000007ecf80000)
 ParOldGen       total 349696K, used 177558K [0x00000007d0800000, 0x00000007e5d80000, 0x00000007e5d80000)
  object space 349696K, 50% used [0x00000007d0800000,0x00000007db565878,0x00000007e5d80000)
 Metaspace       used 173589K, capacity 178710K, committed 212992K, reserved 1228800K
  class space    used 22184K, capacity 23227K, committed 33408K, reserved 1048576K
}
Event: 118.776 GC heap before
{Heap before GC invocations=73 (full 6):
 PSYoungGen      total 116736K, used 69268K [0x00000007e5d80000, 0x00000007f0800000, 0x00000007f0800000)
  eden space 58880K, 99% used [0x00000007e5d80000,0x00000007e96f5520,0x00000007e9700000)
  from space 57856K, 18% used [0x00000007ecf80000,0x00000007ed9afc20,0x00000007f0800000)
  to   space 57856K, 0% used [0x00000007e9700000,0x00000007e9700000,0x00000007ecf80000)
 ParOldGen       total 349696K, used 177558K [0x00000007d0800000, 0x00000007e5d80000, 0x00000007e5d80000)
  object space 349696K, 50% used [0x00000007d0800000,0x00000007db565878,0x00000007e5d80000)
 Metaspace       used 174004K, capacity 179110K, committed 212992K, reserved 1228800K
  class space    used 22238K, capacity 23267K, committed 33408K, reserved 1048576K
Event: 118.785 GC heap after
Heap after GC invocations=73 (full 6):
 PSYoungGen      total 116736K, used 1540K [0x00000007e5d80000, 0x00000007f0800000, 0x00000007f0800000)
  eden space 58880K, 0% used [0x00000007e5d80000,0x00000007e5d80000,0x00000007e9700000)
  from space 57856K, 2% used [0x00000007e9700000,0x00000007e9881220,0x00000007ecf80000)
  to   space 57856K, 0% used [0x00000007ecf80000,0x00000007ecf80000,0x00000007f0800000)
 ParOldGen       total 349696K, used 183837K [0x00000007d0800000, 0x00000007e5d80000, 0x00000007e5d80000)
  object space 349696K, 52% used [0x00000007d0800000,0x00000007dbb877c8,0x00000007e5d80000)
 Metaspace       used 174004K, capacity 179110K, committed 212992K, reserved 1228800K
  class space    used 22238K, capacity 23267K, committed 33408K, reserved 1048576K
}
Event: 118.804 GC heap before
{Heap before GC invocations=74 (full 6):
 PSYoungGen      total 116736K, used 60420K [0x00000007e5d80000, 0x00000007f0800000, 0x00000007f0800000)
  eden space 58880K, 100% used [0x00000007e5d80000,0x00000007e9700000,0x00000007e9700000)
  from space 57856K, 2% used [0x00000007e9700000,0x00000007e9881220,0x00000007ecf80000)
  to   space 57856K, 0% used [0x00000007ecf80000,0x00000007ecf80000,0x00000007f0800000)
 ParOldGen       total 349696K, used 183837K [0x00000007d0800000, 0x00000007e5d80000, 0x00000007e5d80000)
  object space 349696K, 52% used [0x00000007d0800000,0x00000007dbb877c8,0x00000007e5d80000)
 Metaspace       used 174099K, capacity 179238K, committed 212992K, reserved 1228800K
  class space    used 22239K, capacity 23267K, committed 33408K, reserved 1048576K
Event: 118.809 GC heap after
Heap after GC invocations=74 (full 6):
 PSYoungGen      total 116736K, used 960K [0x00000007e5d80000, 0x00000007f0800000, 0x00000007f0800000)
  eden space 58880K, 0% used [0x00000007e5d80000,0x00000007e5d80000,0x00000007e9700000)
  from space 57856K, 1% used [0x00000007ecf80000,0x00000007ed070090,0x00000007f0800000)
  to   space 57856K, 0% used [0x00000007e9700000,0x00000007e9700000,0x00000007ecf80000)
 ParOldGen       total 349696K, used 184039K [0x00000007d0800000, 0x00000007e5d80000, 0x00000007e5d80000)
  object space 349696K, 52% used [0x00000007d0800000,0x00000007dbbb9d08,0x00000007e5d80000)
 Metaspace       used 174099K, capacity 179238K, committed 212992K, reserved 1228800K
  class space    used 22239K, capacity 23267K, committed 33408K, reserved 1048576K
}
Event: 127.269 GC heap before
{Heap before GC invocations=75 (full 6):
 PSYoungGen      total 116736K, used 59840K [0x00000007e5d80000, 0x00000007f0800000, 0x00000007f0800000)
  eden space 58880K, 100% used [0x00000007e5d80000,0x00000007e9700000,0x00000007e9700000)
  from space 57856K, 1% used [0x00000007ecf80000,0x00000007ed070090,0x00000007f0800000)
  to   space 57856K, 0% used [0x00000007e9700000,0x00000007e9700000,0x00000007ecf80000)
 ParOldGen       total 349696K, used 184039K [0x00000007d0800000, 0x00000007e5d80000, 0x00000007e5d80000)
  object space 349696K, 52% used [0x00000007d0800000,0x00000007dbbb9d08,0x00000007e5d80000)
 Metaspace       used 177505K, capacity 182620K, committed 212992K, reserved 1228800K
  class space    used 22537K, capacity 23572K, committed 33408K, reserved 1048576K
Event: 127.275 GC heap after
Heap after GC invocations=75 (full 6):
 PSYoungGen      total 116736K, used 7342K [0x00000007e5d80000, 0x00000007f0800000, 0x00000007f0800000)
  eden space 58880K, 0% used [0x00000007e5d80000,0x00000007e5d80000,0x00000007e9700000)
  from space 57856K, 12% used [0x00000007e9700000,0x00000007e9e2b928,0x00000007ecf80000)
  to   space 57856K, 0% used [0x00000007ecf80000,0x00000007ecf80000,0x00000007f0800000)
 ParOldGen       total 349696K, used 184123K [0x00000007d0800000, 0x00000007e5d80000, 0x00000007e5d80000)
  object space 349696K, 52% used [0x00000007d0800000,0x00000007dbbced18,0x00000007e5d80000)
 Metaspace       used 177505K, capacity 182620K, committed 212992K, reserved 1228800K
  class space    used 22537K, capacity 23572K, committed 33408K, reserved 1048576K
}
Event: 128.086 GC heap before
{Heap before GC invocations=76 (full 6):
 PSYoungGen      total 116736K, used 66222K [0x00000007e5d80000, 0x00000007f0800000, 0x00000007f0800000)
  eden space 58880K, 100% used [0x00000007e5d80000,0x00000007e9700000,0x00000007e9700000)
  from space 57856K, 12% used [0x00000007e9700000,0x00000007e9e2b928,0x00000007ecf80000)
  to   space 57856K, 0% used [0x00000007ecf80000,0x00000007ecf80000,0x00000007f0800000)
 ParOldGen       total 349696K, used 184123K [0x00000007d0800000, 0x00000007e5d80000, 0x00000007e5d80000)
  object space 349696K, 52% used [0x00000007d0800000,0x00000007dbbced18,0x00000007e5d80000)
 Metaspace       used 186081K, capacity 191218K, committed 212992K, reserved 1228800K
  class space    used 23536K, capacity 24573K, committed 33408K, reserved 1048576K
Event: 128.094 GC heap after
Heap after GC invocations=76 (full 6):
 PSYoungGen      total 116736K, used 12965K [0x00000007e5d80000, 0x00000007f0800000, 0x00000007f0800000)
  eden space 58880K, 0% used [0x00000007e5d80000,0x00000007e5d80000,0x00000007e9700000)
  from space 57856K, 22% used [0x00000007ecf80000,0x00000007edc297b8,0x00000007f0800000)
  to   space 57856K, 0% used [0x00000007e9700000,0x00000007e9700000,0x00000007ecf80000)
 ParOldGen       total 349696K, used 187915K [0x00000007d0800000, 0x00000007e5d80000, 0x00000007e5d80000)
  object space 349696K, 53% used [0x00000007d0800000,0x00000007dbf82c98,0x00000007e5d80000)
 Metaspace       used 186081K, capacity 191218K, committed 212992K, reserved 1228800K
  class space    used 23536K, capacity 24573K, committed 33408K, reserved 1048576K
}

